2022-01-03 05:16:42,622 Started server process [10492]
2022-01-03 05:16:42,623 Waiting for application startup.
2022-01-03 05:16:42,628 Application startup complete.
2022-01-03 05:35:03,900 Started server process [2676]
2022-01-03 05:35:03,900 Waiting for application startup.
2022-01-03 05:35:03,902 Application startup complete.
2022-01-03 05:36:50,420 Successfully added Employee Details into table
2022-01-03 05:39:39,766 Connection to database has been established successfully
2022-01-03 05:39:39,778 Connection to database has been established successfully
2022-01-03 05:39:39,780 Started server process [24648]
2022-01-03 05:39:39,781 Waiting for application startup.
2022-01-03 05:39:39,782 Application startup complete.
2022-01-03 05:42:06,000 Connection to database has been established successfully
2022-01-03 05:42:06,011 Connection to database has been established successfully
2022-01-03 05:42:06,013 Started server process [24312]
2022-01-03 05:42:06,013 Waiting for application startup.
2022-01-03 05:42:06,014 Application startup complete.
2022-01-03 05:45:18,776 Connection to database has been established successfully
2022-01-03 05:45:18,789 Connection to database has been established successfully
2022-01-03 05:45:18,791 Started server process [22280]
2022-01-03 05:45:18,791 Waiting for application startup.
2022-01-03 05:45:18,793 Application startup complete.
2022-01-03 05:53:38,502 Connection to database has been established successfully
2022-01-03 05:53:38,514 Connection to database has been established successfully
2022-01-03 05:53:38,516 Started server process [2264]
2022-01-03 05:53:38,517 Waiting for application startup.
2022-01-03 05:53:38,518 Application startup complete.
2022-01-03 05:53:59,095 Successfully retrieved  Employee Details table
2022-01-03 05:54:32,253 updated  Employee Details table
2022-01-03 06:28:16,692 Connection to database has been established successfully
2022-01-03 06:28:16,706 Connection to database has been established successfully
2022-01-03 06:28:16,709 Started server process [30344]
2022-01-03 06:28:16,709 Waiting for application startup.
2022-01-03 06:28:16,711 Application startup complete.
2022-01-03 06:36:23,005 Connection to database has been established successfully
2022-01-03 06:36:23,050 Connection to database has been established successfully
2022-01-03 06:36:23,056 Started server process [14936]
2022-01-03 06:36:23,057 Waiting for application startup.
2022-01-03 06:36:23,064 Application startup complete.
2022-01-03 06:36:58,756 Connection to database has been established successfully
2022-01-03 06:36:58,766 Connection to database has been established successfully
2022-01-03 06:36:58,768 Started server process [12996]
2022-01-03 06:36:58,769 Waiting for application startup.
2022-01-03 06:36:58,771 Application startup complete.
2022-01-03 06:37:58,868 Connection to database has been established successfully
2022-01-03 06:37:58,878 Connection to database has been established successfully
2022-01-03 06:37:58,880 Started server process [14452]
2022-01-03 06:37:58,880 Waiting for application startup.
2022-01-03 06:37:58,885 Application startup complete.
2022-01-03 06:38:45,590 Successfully retrieved  Employee Details table
2022-01-03 08:12:54,562 Shutting down
2022-01-03 08:12:54,696 Waiting for application shutdown.
2022-01-03 08:12:54,701 Application shutdown complete.
2022-01-03 08:12:54,703 Finished server process [14452]
2022-01-03 08:12:58,537 Connection to database has been established successfully
2022-01-03 08:12:58,560 Connection to database has been established successfully
2022-01-03 08:12:58,564 Started server process [4156]
2022-01-03 08:12:58,564 Waiting for application startup.
2022-01-03 08:12:58,567 Application startup complete.
2022-01-03 08:13:44,160 Successfully retrieved  Employee Details table
2022-01-03 08:19:33,675 updated  Employee Details table
2022-01-03 08:21:54,761 Successfully retrieved  Employee Details table
2022-01-03 09:21:37,038 Shutting down
2022-01-03 09:21:37,157 Waiting for application shutdown.
2022-01-03 09:21:37,160 Application shutdown complete.
2022-01-03 09:21:37,160 Finished server process [4156]
2022-01-03 18:45:19,460 Connection to database has been established successfully
2022-01-03 18:45:19,460 database connection closed now
2022-01-03 18:46:18,554 Connection to database has been established successfully
2022-01-03 18:46:18,554 database connection closed now
2022-01-03 18:46:33,478 Connection to database has been established successfully
2022-01-03 18:46:33,478 database connection closed now
2022-01-03 18:46:33,495 Connection to database has been established successfully
2022-01-03 18:46:33,495 database connection closed now
2022-01-03 18:46:33,498 Started server process [10432]
2022-01-03 18:46:33,499 Waiting for application startup.
2022-01-03 18:46:33,501 Application startup complete.
2022-01-04 06:19:01,887 Successfully retrieved  Employee Details table
2022-01-04 06:24:12,959 Successfully added Employee Details into table
2022-01-04 06:25:11,891 Successfully added Employee Details into table
2022-01-04 06:25:49,965 Successfully added Employee Details into table
2022-01-04 06:26:14,516 Successfully added Employee Details into table
2022-01-04 06:27:28,864 Successfully added Employee Details into table
2022-01-04 06:27:48,289 Successfully retrieved  Employee Details table
2022-01-04 06:28:03,154 Successfully retrieved  Employee Details table
2022-01-04 06:31:14,375 Successfully added Employee Details into table
2022-01-04 06:36:48,931 Connection to database has been established successfully
2022-01-04 06:36:48,931 database connection closed now
2022-01-04 06:36:48,950 Connection to database has been established successfully
2022-01-04 06:36:48,950 database connection closed now
2022-01-04 06:36:48,954 Started server process [22244]
2022-01-04 06:36:48,955 Waiting for application startup.
2022-01-04 06:36:48,956 Application startup complete.
2022-01-04 06:37:16,094 updated salary of Employee Details table
2022-01-04 06:38:39,982 updated salary of Employee Details table
2022-01-04 06:41:55,193 Connection to database has been established successfully
2022-01-04 06:41:55,194 database connection closed now
2022-01-04 06:41:55,219 Connection to database has been established successfully
2022-01-04 06:41:55,219 database connection closed now
2022-01-04 06:41:55,224 Started server process [25996]
2022-01-04 06:41:55,225 Waiting for application startup.
2022-01-04 06:41:55,225 Application startup complete.
2022-01-04 06:42:14,594 updated salary of Employee Details table
2022-01-04 06:42:41,919 updated salary of Employee Details table
2022-01-04 06:43:43,788 Connection to database has been established successfully
2022-01-04 06:43:43,789 database connection closed now
2022-01-04 06:43:43,812 Connection to database has been established successfully
2022-01-04 06:43:43,812 database connection closed now
2022-01-04 06:43:43,815 Started server process [27284]
2022-01-04 06:43:43,817 Waiting for application startup.
2022-01-04 06:43:43,818 Application startup complete.
2022-01-04 06:44:07,125 updated salary of Employee Details table
2022-01-04 06:44:07,125 error caught :name 'employee_id' is not defined
2022-01-04 06:45:49,901 Connection to database has been established successfully
2022-01-04 06:45:49,902 database connection closed now
2022-01-04 06:45:49,943 Connection to database has been established successfully
2022-01-04 06:45:49,944 database connection closed now
2022-01-04 06:45:49,954 Started server process [6924]
2022-01-04 06:45:49,955 Waiting for application startup.
2022-01-04 06:45:49,957 Application startup complete.
2022-01-04 06:46:12,316 updated salary of Employee Details table
2022-01-04 06:55:04,737 Connection to database has been established successfully
2022-01-04 06:55:04,737 database connection closed now
2022-01-04 06:55:04,760 Connection to database has been established successfully
2022-01-04 06:55:04,760 database connection closed now
2022-01-04 06:55:04,765 Started server process [18084]
2022-01-04 06:55:04,766 Waiting for application startup.
2022-01-04 06:55:04,767 Application startup complete.
2022-01-04 07:03:10,692 error caught :1054 (42S22): Unknown column 'id' in 'where clause'
2022-01-04 07:03:40,321 Connection to database has been established successfully
2022-01-04 07:03:40,321 database connection closed now
2022-01-04 07:03:40,359 Connection to database has been established successfully
2022-01-04 07:03:40,359 database connection closed now
2022-01-04 07:03:40,369 Started server process [23276]
2022-01-04 07:03:40,370 Waiting for application startup.
2022-01-04 07:03:40,372 Application startup complete.
2022-01-04 07:03:47,267 Successfully retrieved  Employee Details table
2022-01-04 07:11:58,910 Connection to database has been established successfully
2022-01-04 07:11:58,910 database connection closed now
2022-01-04 07:11:58,926 Connection to database has been established successfully
2022-01-04 07:11:58,927 database connection closed now
2022-01-04 07:11:58,931 Started server process [10404]
2022-01-04 07:11:58,932 Waiting for application startup.
2022-01-04 07:11:58,934 Application startup complete.
2022-01-04 07:13:06,179 updated salary of Employee Details table
2022-01-04 07:15:21,228 Connection to database has been established successfully
2022-01-04 07:15:21,228 database connection closed now
2022-01-04 07:15:21,249 Connection to database has been established successfully
2022-01-04 07:15:21,250 database connection closed now
2022-01-04 07:15:21,256 Started server process [30132]
2022-01-04 07:15:21,257 Waiting for application startup.
2022-01-04 07:15:21,259 Application startup complete.
2022-01-04 07:31:33,462 Connection to database has been established successfully
2022-01-04 07:31:33,462 database connection closed now
2022-01-04 07:31:33,485 Connection to database has been established successfully
2022-01-04 07:31:33,486 database connection closed now
2022-01-04 07:31:33,491 Started server process [17396]
2022-01-04 07:31:33,492 Waiting for application startup.
2022-01-04 07:31:33,493 Application startup complete.
2022-01-04 07:39:26,034 Connection to database has been established successfully
2022-01-04 07:39:26,034 database connection closed now
2022-01-04 07:39:26,058 Connection to database has been established successfully
2022-01-04 07:39:26,059 database connection closed now
2022-01-04 07:39:26,067 Started server process [24024]
2022-01-04 07:39:26,067 Waiting for application startup.
2022-01-04 07:39:26,068 Application startup complete.
2022-01-04 07:58:12,996 Connection to database has been established successfully
2022-01-04 07:58:12,996 database connection closed now
2022-01-04 07:58:13,006 Connection to database has been established successfully
2022-01-04 07:58:13,006 database connection closed now
2022-01-04 07:58:13,009 Started server process [13756]
2022-01-04 07:58:13,009 Waiting for application startup.
2022-01-04 07:58:13,010 Application startup complete.
2022-01-04 07:58:49,404 error caught :1292 (22007): Truncated incorrect DOUBLE value: 'Dibyesh'
2022-01-04 08:00:01,393 Connection to database has been established successfully
2022-01-04 08:00:01,393 database connection closed now
2022-01-04 08:00:01,407 Connection to database has been established successfully
2022-01-04 08:00:01,407 database connection closed now
2022-01-04 08:00:01,411 Started server process [3728]
2022-01-04 08:00:01,411 Waiting for application startup.
2022-01-04 08:00:01,412 Application startup complete.
2022-01-04 08:01:34,788 Connection to database has been established successfully
2022-01-04 08:01:34,788 database connection closed now
2022-01-04 08:01:34,798 Connection to database has been established successfully
2022-01-04 08:01:34,798 database connection closed now
2022-01-04 08:01:34,806 Started server process [26544]
2022-01-04 08:01:34,806 Waiting for application startup.
2022-01-04 08:01:34,806 Application startup complete.
2022-01-04 08:01:50,040 error caught :1292 (22007): Incorrect date value: 'string' for column 'start_date' at row 1
2022-01-04 08:02:42,376 Successfully added Employee Details into table
2022-01-04 08:03:38,674 Connection to database has been established successfully
2022-01-04 08:03:38,675 database connection closed now
2022-01-04 08:03:38,692 Connection to database has been established successfully
2022-01-04 08:03:38,692 database connection closed now
2022-01-04 08:03:38,695 Started server process [23744]
2022-01-04 08:03:38,695 Waiting for application startup.
2022-01-04 08:03:38,696 Application startup complete.
2022-01-04 08:06:20,827 Connection to database has been established successfully
2022-01-04 08:06:20,827 database connection closed now
2022-01-04 08:06:20,839 Connection to database has been established successfully
2022-01-04 08:06:20,839 database connection closed now
2022-01-04 08:06:20,842 Started server process [25568]
2022-01-04 08:06:20,842 Waiting for application startup.
2022-01-04 08:06:20,843 Application startup complete.
2022-01-04 08:20:49,089 Successfully retrieved  Employee Details table
2022-01-04 08:26:50,296 Connection to database has been established successfully
2022-01-04 08:26:50,297 database connection closed now
2022-01-04 08:26:50,312 Connection to database has been established successfully
2022-01-04 08:26:50,312 database connection closed now
2022-01-04 08:26:50,315 Started server process [30768]
2022-01-04 08:26:50,315 Waiting for application startup.
2022-01-04 08:26:50,316 Application startup complete.
2022-01-04 08:27:03,458 Successfully retrieved  Employee Details table
2022-01-04 08:27:03,458 error caught :Data can not retrieved
2022-01-04 08:27:22,350 Connection to database has been established successfully
2022-01-04 08:27:22,351 database connection closed now
2022-01-04 08:27:22,364 Connection to database has been established successfully
2022-01-04 08:27:22,364 database connection closed now
2022-01-04 08:27:22,367 Started server process [13920]
2022-01-04 08:27:22,367 Waiting for application startup.
2022-01-04 08:27:22,368 Application startup complete.
2022-01-04 08:27:23,590 Successfully retrieved  Employee Details table
2022-01-04 08:30:11,991 updated salary of Employee Details table
2022-01-04 08:44:42,607 Connection to database has been established successfully
2022-01-04 08:44:42,607 database connection closed now
2022-01-04 08:44:42,618 Connection to database has been established successfully
2022-01-04 08:44:42,618 database connection closed now
2022-01-04 08:44:42,621 Started server process [15928]
2022-01-04 08:44:42,622 Waiting for application startup.
2022-01-04 08:44:42,622 Application startup complete.
2022-01-04 08:44:50,389 Successfully retrieved  Employee Details table
2022-01-04 08:45:42,341 Connection to database has been established successfully
2022-01-04 08:45:42,341 database connection closed now
2022-01-04 08:45:42,360 Connection to database has been established successfully
2022-01-04 08:45:42,360 database connection closed now
2022-01-04 08:45:42,364 Started server process [8180]
2022-01-04 08:45:42,365 Waiting for application startup.
2022-01-04 08:45:42,365 Application startup complete.
2022-01-04 09:04:15,621 Connection to database has been established successfully
2022-01-04 09:04:15,621 database connection closed now
2022-01-04 09:04:15,633 Connection to database has been established successfully
2022-01-04 09:04:15,634 database connection closed now
2022-01-04 09:04:15,639 Started server process [23600]
2022-01-04 09:04:15,639 Waiting for application startup.
2022-01-04 09:04:15,640 Application startup complete.
2022-01-04 09:04:41,690 Connection to database has been established successfully
2022-01-04 09:04:41,690 database connection closed now
2022-01-04 09:04:41,710 Connection to database has been established successfully
2022-01-04 09:04:41,710 database connection closed now
2022-01-04 09:04:41,717 Started server process [28692]
2022-01-04 09:04:41,718 Waiting for application startup.
2022-01-04 09:04:41,723 Application startup complete.
2022-01-04 09:04:50,657 Successfully retrieved  Employee Details table
2022-01-04 09:05:23,558 Successfully retrieved  Employee Details table
2022-01-04 09:06:11,292 Successfully added Employee Details into table
2022-01-04 09:09:08,829 updated salary of Employee Details table
2022-01-04 09:11:44,032 updated salary of Employee Details table
2022-01-04 09:17:49,651 Connection to database has been established successfully
2022-01-04 09:17:49,652 database connection closed now
2022-01-04 09:17:49,657 Started server process [18448]
2022-01-04 09:17:49,657 Waiting for application startup.
2022-01-04 09:17:49,659 Application startup complete.
2022-01-04 09:27:29,149 Connection to database has been established successfully
2022-01-04 09:27:29,149 database connection closed now
2022-01-04 09:27:29,155 Started server process [20896]
2022-01-04 09:27:29,155 Waiting for application startup.
2022-01-04 09:27:29,157 Application startup complete.
2022-01-04 16:45:29,606 Connection to database has been established successfully
2022-01-04 16:45:29,607 database connection closed now
2022-01-04 16:45:29,612 Started server process [1020]
2022-01-04 16:45:29,612 Waiting for application startup.
2022-01-04 16:45:29,613 Application startup complete.
2022-01-04 16:46:49,390 Connection to database has been established successfully
2022-01-04 16:46:49,390 database connection closed now
2022-01-04 16:46:49,394 Started server process [12968]
2022-01-04 16:46:49,394 Waiting for application startup.
2022-01-04 16:46:49,395 Application startup complete.
2022-01-04 16:47:14,872 updated salary of Employee Details table
2022-01-04 16:55:44,984 Connection to database has been established successfully
2022-01-04 16:55:44,984 database connection closed now
2022-01-04 16:55:44,988 Started server process [6600]
2022-01-04 16:55:44,990 Waiting for application startup.
2022-01-04 16:55:44,990 Application startup complete.
2022-01-04 16:56:20,083 updated salary of Employee Details table
2022-01-04 17:15:36,552 Connection to database has been established successfully
2022-01-04 17:15:36,552 database connection closed now
2022-01-04 17:15:36,560 Started server process [22880]
2022-01-04 17:15:36,561 Waiting for application startup.
2022-01-04 17:15:36,562 Application startup complete.
2022-01-04 17:15:45,487 updated salary of Employee Details table
2022-01-04 17:53:20,071 Connection to database has been established successfully
2022-01-04 17:53:20,072 database connection closed now
2022-01-04 17:53:20,080 Started server process [26660]
2022-01-04 17:53:20,081 Waiting for application startup.
2022-01-04 17:53:20,081 Application startup complete.
2022-01-04 17:53:27,714 updated profile photo of Employee_id 2 
2022-01-04 17:53:27,714 connection is closed now
2022-01-04 17:54:00,527 error caught :2055: Cursor is not connected
2022-01-04 17:54:00,527 updated profile photo of Employee_id 2 
2022-01-04 17:54:00,527 connection is closed now
2022-01-04 17:58:10,862 Connection to database has been established successfully
2022-01-04 17:58:10,863 database connection closed now
2022-01-04 17:58:10,872 Started server process [23100]
2022-01-04 17:58:10,873 Waiting for application startup.
2022-01-04 17:58:10,874 Application startup complete.
2022-01-04 17:58:15,721 error caught :'Functionality' object has no attribute 'my_cursor'
2022-01-04 17:58:15,721 updated profile photo of Employee_id 2 
2022-01-04 17:58:15,721 connection is closed now
2022-01-04 17:58:15,723 Exception in ASGI application
2022-01-04 18:11:03,220 Connection to database has been established successfully
2022-01-04 18:11:03,221 database connection closed now
2022-01-04 18:11:03,231 Started server process [9572]
2022-01-04 18:11:03,231 Waiting for application startup.
2022-01-04 18:11:03,233 Application startup complete.
2022-01-04 21:17:14,292 Connection to database has been established successfully
2022-01-04 21:17:14,292 database connection closed now
2022-01-04 21:17:14,300 Started server process [22932]
2022-01-04 21:17:14,300 Waiting for application startup.
2022-01-04 21:17:14,302 Application startup complete.
2022-01-04 21:17:17,823 updated salary of Employee Details table
2022-01-04 21:18:04,716 Connection to database has been established successfully
2022-01-04 21:18:04,716 database connection closed now
2022-01-04 21:18:04,726 Started server process [2724]
2022-01-04 21:18:04,726 Waiting for application startup.
2022-01-04 21:18:04,728 Application startup complete.
2022-01-04 21:18:09,481 updated salary of Employee Details table
2022-01-04 21:19:46,022 Connection to database has been established successfully
2022-01-04 21:19:46,023 database connection closed now
2022-01-04 21:19:46,035 Started server process [5252]
2022-01-04 21:19:46,035 Waiting for application startup.
2022-01-04 21:19:46,037 Application startup complete.
2022-01-04 21:19:59,734 updated salary of Employee Details table
2022-01-04 21:22:05,177 Connection to database has been established successfully
2022-01-04 21:22:05,177 database connection closed now
2022-01-04 21:22:05,196 Started server process [20960]
2022-01-04 21:22:05,197 Waiting for application startup.
2022-01-04 21:22:05,199 Application startup complete.
2022-01-04 21:22:07,750 updated salary of Employee Details table
2022-01-04 21:23:22,004 Successfully retrieved  Employee Details table
2022-01-04 21:28:11,680 Connection to database has been established successfully
2022-01-04 21:28:11,681 database connection closed now
2022-01-04 21:28:11,688 Started server process [26080]
2022-01-04 21:28:11,688 Waiting for application startup.
2022-01-04 21:28:11,690 Application startup complete.
2022-01-04 21:28:16,761 Successfully retrieved  Employee Details table
2022-01-04 21:28:16,761 error caught :Data can not retrieved
2022-01-04 21:29:08,796 Connection to database has been established successfully
2022-01-04 21:29:08,796 database connection closed now
2022-01-04 21:29:08,806 Started server process [19968]
2022-01-04 21:29:08,807 Waiting for application startup.
2022-01-04 21:29:08,811 Application startup complete.
2022-01-04 21:29:12,953 Successfully retrieved  Employee Details table
2022-01-04 21:29:12,953 error caught :Data can not retrieved or employee id does not exist
2022-01-04 21:30:05,988 updated salary of Employee Details table
2022-01-04 21:31:27,513 Connection to database has been established successfully
2022-01-04 21:31:27,513 database connection closed now
2022-01-04 21:31:27,520 Started server process [19924]
2022-01-04 21:31:27,521 Waiting for application startup.
2022-01-04 21:31:27,523 Application startup complete.
2022-01-04 21:31:30,253 error caught :Data is not present
2022-01-04 21:31:51,400 updated salary of Employee Details table
2022-01-04 21:35:56,000 updated salary of Employee Details table
2022-01-04 21:50:44,499 Connection to database has been established successfully
2022-01-04 21:50:44,499 database connection closed now
2022-01-04 21:50:44,506 Started server process [26036]
2022-01-04 21:50:44,506 Waiting for application startup.
2022-01-04 21:50:44,508 Application startup complete.
2022-01-04 21:53:05,299 updated salary of Employee Details table
2022-01-04 21:53:36,533 Connection to database has been established successfully
2022-01-04 21:53:36,533 database connection closed now
2022-01-04 21:53:36,538 Started server process [19264]
2022-01-04 21:53:36,539 Waiting for application startup.
2022-01-04 21:53:36,540 Application startup complete.
2022-01-04 21:53:42,168 updated salary of Employee Details table
2022-01-04 21:54:14,562 updated salary of Employee Details table
2022-01-04 21:54:29,845 Connection to database has been established successfully
2022-01-04 21:54:29,845 database connection closed now
2022-01-04 21:54:29,852 Started server process [7760]
2022-01-04 21:54:29,852 Waiting for application startup.
2022-01-04 21:54:29,854 Application startup complete.
2022-01-04 21:54:38,253 error caught :not all arguments converted during string formatting
2022-01-04 21:55:37,609 Connection to database has been established successfully
2022-01-04 21:55:37,609 database connection closed now
2022-01-04 21:55:37,618 Started server process [31232]
2022-01-04 21:55:37,618 Waiting for application startup.
2022-01-04 21:55:37,619 Application startup complete.
2022-01-04 21:55:39,489 updated salary of Employee Details table
2022-01-04 22:11:11,497 Connection to database has been established successfully
2022-01-04 22:11:11,497 database connection closed now
2022-01-04 22:11:11,506 Started server process [27572]
2022-01-04 22:11:11,512 Waiting for application startup.
2022-01-04 22:11:11,515 Application startup complete.
2022-01-04 23:09:03,097 Connection to database has been established successfully
2022-01-04 23:09:03,097 database connection closed now
2022-01-04 23:09:03,107 Started server process [30100]
2022-01-04 23:09:03,107 Waiting for application startup.
2022-01-04 23:09:03,109 Application startup complete.
2022-01-04 23:30:27,925 Connection to database has been established successfully
2022-01-04 23:30:27,926 database connection closed now
2022-01-04 23:30:27,954 Started server process [2864]
2022-01-04 23:30:27,955 Waiting for application startup.
2022-01-04 23:30:27,961 Application startup complete.
2022-01-04 23:31:11,971 Connection to database has been established successfully
2022-01-04 23:31:11,971 database connection closed now
2022-01-04 23:31:11,992 Started server process [25768]
2022-01-04 23:31:11,993 Waiting for application startup.
2022-01-04 23:31:12,000 Application startup complete.
2022-01-04 23:31:22,150 error caught :Data is not present
2022-01-04 23:32:02,840 updated salary of Employee Details table
2022-01-04 23:32:46,739 Connection to database has been established successfully
2022-01-04 23:32:46,739 database connection closed now
2022-01-04 23:32:46,754 Started server process [12544]
2022-01-04 23:32:46,754 Waiting for application startup.
2022-01-04 23:32:46,757 Application startup complete.
2022-01-04 23:32:48,804 error caught :not all arguments converted during string formatting
2022-01-04 23:32:48,804 error : {'status': 500, 'message': 'Error : not all arguments converted during string formatting'}
2022-01-04 23:35:06,033 Connection to database has been established successfully
2022-01-04 23:35:06,034 database connection closed now
2022-01-04 23:35:06,062 Started server process [30912]
2022-01-04 23:35:06,064 Waiting for application startup.
2022-01-04 23:35:06,069 Application startup complete.
2022-01-04 23:40:25,495 Connection to database has been established successfully
2022-01-04 23:40:25,495 database connection closed now
2022-01-04 23:40:25,508 Started server process [11760]
2022-01-04 23:40:25,508 Waiting for application startup.
2022-01-04 23:40:25,511 Application startup complete.
2022-01-04 23:40:45,018 updated department of Employee_id 2 
2022-01-04 23:40:55,090 error caught :Data is not present
2022-01-04 23:48:21,390 Connection to database has been established successfully
2022-01-04 23:48:21,390 database connection closed now
2022-01-04 23:48:21,403 Started server process [3968]
2022-01-04 23:48:21,404 Waiting for application startup.
2022-01-04 23:48:21,406 Application startup complete.
2022-01-04 23:49:02,867 Connection to database has been established successfully
2022-01-04 23:49:02,867 database connection closed now
2022-01-04 23:49:02,878 Started server process [31124]
2022-01-04 23:49:02,879 Waiting for application startup.
2022-01-04 23:49:02,881 Application startup complete.
2022-01-04 23:50:36,217 error caught :1054 (42S22): Unknown column 'gender' in 'field list'
2022-01-04 23:50:36,217 error : {'status': 500, 'message': "Error : 1054 (42S22): Unknown column 'gender' in 'field list'"}
2022-01-04 23:51:30,441 error caught :1054 (42S22): Unknown column 'gender' in 'field list'
2022-01-04 23:51:30,442 error : {'status': 500, 'message': "Error : 1054 (42S22): Unknown column 'gender' in 'field list'"}
2022-01-04 23:52:26,386 error caught :1064 (42000): You have an error in your SQL syntax; check the manual that corresponds to your MySQL server version for the right syntax to use near 'female'' where employee_id = 3' at line 1
2022-01-04 23:52:26,387 error : {'status': 500, 'message': "Error : 1064 (42000): You have an error in your SQL syntax; check the manual that corresponds to your MySQL server version for the right syntax to use near 'female'' where employee_id = 3' at line 1"}
2022-01-04 23:53:52,432 Connection to database has been established successfully
2022-01-04 23:53:52,433 database connection closed now
2022-01-04 23:53:52,463 Started server process [13012]
2022-01-04 23:53:52,464 Waiting for application startup.
2022-01-04 23:53:52,468 Application startup complete.
2022-01-04 23:53:52,860 error caught :1064 (42000): You have an error in your SQL syntax; check the manual that corresponds to your MySQL server version for the right syntax to use near 'female'' where employee_id = 3' at line 1
2022-01-04 23:53:52,860 error : {'status': 500, 'message': "Error : 1064 (42000): You have an error in your SQL syntax; check the manual that corresponds to your MySQL server version for the right syntax to use near 'female'' where employee_id = 3' at line 1"}
2022-01-04 23:54:40,533 Connection to database has been established successfully
2022-01-04 23:54:40,533 database connection closed now
2022-01-04 23:54:40,545 Started server process [23164]
2022-01-04 23:54:40,546 Waiting for application startup.
2022-01-04 23:54:40,549 Application startup complete.
2022-01-04 23:54:41,192 error caught :1064 (42000): You have an error in your SQL syntax; check the manual that corresponds to your MySQL server version for the right syntax to use near 'female'' where employee_id = 3' at line 1
2022-01-04 23:54:41,192 error : {'status': 500, 'message': "Error : 1064 (42000): You have an error in your SQL syntax; check the manual that corresponds to your MySQL server version for the right syntax to use near 'female'' where employee_id = 3' at line 1"}
2022-01-04 23:55:04,551 updated gender of Employee_id 3 
2022-01-04 23:57:40,608 Connection to database has been established successfully
2022-01-04 23:57:40,608 database connection closed now
2022-01-04 23:57:40,634 Started server process [22764]
2022-01-04 23:57:40,636 Waiting for application startup.
2022-01-04 23:57:40,640 Application startup complete.
2022-01-04 23:57:42,613 error caught :'Functionality' object has no attribute 'updateemployee_gender'
2022-01-05 00:01:42,655 Connection to database has been established successfully
2022-01-05 00:01:42,656 database connection closed now
2022-01-05 00:01:42,669 Started server process [21552]
2022-01-05 00:01:42,669 Waiting for application startup.
2022-01-05 00:01:42,673 Application startup complete.
2022-01-05 08:01:24,126 Connection to database has been established successfully
2022-01-05 08:01:24,127 database connection closed now
2022-01-05 08:01:24,136 Started server process [8412]
2022-01-05 08:01:24,136 Waiting for application startup.
2022-01-05 08:01:24,137 Application startup complete.
2022-01-05 08:01:34,288 updated gender of Employee_id 3 
2022-01-05 08:12:57,049 Connection to database has been established successfully
2022-01-05 08:12:57,050 database connection closed now
2022-01-05 08:12:57,057 Started server process [10008]
2022-01-05 08:12:57,057 Waiting for application startup.
2022-01-05 08:12:57,057 Application startup complete.
2022-01-05 08:24:34,922 Connection to database has been established successfully
2022-01-05 08:24:34,922 database connection closed now
2022-01-05 08:24:34,930 Started server process [7948]
2022-01-05 08:24:34,931 Waiting for application startup.
2022-01-05 08:24:34,934 Application startup complete.
2022-01-05 08:24:51,634 error caught :%d format: a number is required, not str
2022-01-05 08:24:51,634 deleted employee by using Employee_id 6
2022-01-05 08:32:01,399 Connection to database has been established successfully
2022-01-05 08:32:01,399 database connection closed now
2022-01-05 08:32:01,405 Started server process [8184]
2022-01-05 08:32:01,405 Waiting for application startup.
2022-01-05 08:32:01,407 Application startup complete.
2022-01-05 08:32:59,160 updated department of Employee_id 2 
2022-01-05 08:36:15,176 Connection to database has been established successfully
2022-01-05 08:36:15,195 Connection to database has been established successfully
2022-01-05 08:36:15,197 Started server process [9284]
2022-01-05 08:36:15,198 Waiting for application startup.
2022-01-05 08:36:15,199 Application startup complete.
2022-01-05 08:37:36,018 Connection to database has been established successfully
2022-01-05 08:37:36,035 Connection to database has been established successfully
2022-01-05 08:37:36,037 Started server process [12908]
2022-01-05 08:37:36,037 Waiting for application startup.
2022-01-05 08:37:36,039 Application startup complete.
2022-01-05 08:44:01,917 Connection to database has been established successfully
2022-01-05 08:44:01,928 Connection to database has been established successfully
2022-01-05 08:44:01,930 Started server process [13244]
2022-01-05 08:44:01,931 Waiting for application startup.
2022-01-05 08:44:01,932 Application startup complete.
2022-01-05 08:48:02,812 Connection to database has been established successfully
2022-01-05 08:48:02,825 Connection to database has been established successfully
2022-01-05 08:48:57,545 Connection to database has been established successfully
2022-01-05 08:48:57,560 Connection to database has been established successfully
2022-01-05 08:48:57,561 Started server process [10016]
2022-01-05 08:48:57,562 Waiting for application startup.
2022-01-05 08:48:57,563 Application startup complete.
2022-01-05 08:53:00,391 Connection to database has been established successfully
2022-01-05 10:11:44,253 Connection to database has been established successfully
2022-01-05 10:11:44,262 Started server process [5112]
2022-01-05 10:11:44,264 Waiting for application startup.
2022-01-05 10:11:44,265 Application startup complete.
2022-01-05 10:11:47,269 updated department of Employee_id 2 
2022-01-05 10:32:40,616 Connection to database has been established successfully
2022-01-05 10:32:40,624 Started server process [13216]
2022-01-05 10:32:40,625 Waiting for application startup.
2022-01-05 10:32:40,626 Application startup complete.
2022-01-05 11:01:59,608 Connection to database has been established successfully
2022-01-05 11:01:59,618 Started server process [12740]
2022-01-05 11:01:59,619 Waiting for application startup.
2022-01-05 11:01:59,622 Application startup complete.
2022-01-05 11:23:17,046 Connection to database has been established successfully
2022-01-05 11:23:17,055 Started server process [8216]
2022-01-05 11:23:17,056 Waiting for application startup.
2022-01-05 11:23:17,058 Application startup complete.
2022-01-05 11:50:40,313 Connection to database has been established successfully
2022-01-05 11:50:40,318 Started server process [14508]
2022-01-05 11:50:40,319 Waiting for application startup.
2022-01-05 11:50:40,651 Application startup complete.
2022-01-05 14:11:46,177 Connection to database has been established successfully
2022-01-05 14:11:46,192 Started server process [11952]
2022-01-05 14:11:46,193 Waiting for application startup.
2022-01-05 14:11:46,194 Application startup complete.
2022-01-05 14:12:15,127 updated salary of Employee Details table
2022-01-05 14:12:30,081 error caught :for this id either Data is not present in the database or this id is not present in the database
2022-01-05 14:42:36,767 Connection to database has been established successfully
2022-01-05 14:42:36,772 Started server process [11144]
2022-01-05 14:42:36,773 Waiting for application startup.
2022-01-05 14:42:36,773 Application startup complete.
2022-01-05 14:42:47,283 error caught :%d format: a number is required, not str
2022-01-05 14:43:20,934 Connection to database has been established successfully
2022-01-05 14:43:20,939 Started server process [1276]
2022-01-05 14:43:20,939 Waiting for application startup.
2022-01-05 14:43:20,940 Application startup complete.
2022-01-05 14:43:23,448 deleted employee by using Employee_id 22
2022-01-05 14:48:37,549 Connection to database has been established successfully
2022-01-05 14:48:37,555 Started server process [4588]
2022-01-05 14:48:37,555 Waiting for application startup.
2022-01-05 14:48:37,556 Application startup complete.
2022-01-05 14:49:01,008 error caught :1064 (42000): You have an error in your SQL syntax; check the manual that corresponds to your MySQL server version for the right syntax to use near ''hjj'' at line 1
2022-01-05 14:50:58,447 Connection to database has been established successfully
2022-01-05 14:50:58,452 Started server process [2676]
2022-01-05 14:50:58,453 Waiting for application startup.
2022-01-05 14:50:58,454 Application startup complete.
2022-01-05 14:51:28,003 error caught :1064 (42000): You have an error in your SQL syntax; check the manual that corresponds to your MySQL server version for the right syntax to use near ''hjj'' at line 1
2022-01-05 15:00:03,703 Connection to database has been established successfully
2022-01-05 15:00:03,708 Started server process [10236]
2022-01-05 15:00:03,708 Waiting for application startup.
2022-01-05 15:00:03,710 Application startup complete.
2022-01-05 15:00:05,202 error caught :1146 (42S02): Table 'employee_payroll.hjj' doesn't exist
2022-01-05 15:00:39,898 Successfully retrieved  Employee Details table
2022-01-05 15:02:19,055 Successfully retrieved  Employee Details table
2022-01-05 15:02:26,693 error caught :for this id either Data is not present in the database or this id is not present in the database
2022-01-05 15:03:12,641 updated gender of Employee_id 3 
2022-01-05 15:03:54,253 updated department of Employee_id 2 
2022-01-05 15:04:06,999 updated department of Employee_id 3 
2022-01-05 15:04:11,154 error caught :for this id either Data is not present in the database or this id is not present in the database
2022-01-05 15:05:02,508 Connection to database has been established successfully
2022-01-05 15:05:02,516 Started server process [10688]
2022-01-05 15:05:02,516 Waiting for application startup.
2022-01-05 15:05:02,518 Application startup complete.
2022-01-05 15:05:28,079 updated name of Employee_id 2 in the table
2022-01-05 15:07:32,151 Connection to database has been established successfully
2022-01-05 15:07:32,161 Started server process [5052]
2022-01-05 15:07:32,162 Waiting for application startup.
2022-01-05 15:07:32,163 Application startup complete.
2022-01-05 15:07:36,750 updated name of Employee_id 2 in the table
2022-01-05 15:08:53,594 updated profile photo of Employee_id 2 
2022-01-05 15:13:25,398 Successfully added Employee Details into table
2022-01-05 17:27:37,822 Connection to database has been established successfully
2022-01-05 17:27:37,829 Started server process [10528]
2022-01-05 17:27:37,830 Waiting for application startup.
2022-01-05 17:27:37,831 Application startup complete.
2022-01-05 17:37:29,692 Successfully added Employee Details into table
2022-01-05 19:11:59,778 Successfully retrieved  Employee Details table
2022-01-05 19:12:21,846 Successfully retrieved  Employee Details table
2022-01-05 21:45:58,867 Connection to database has been established successfully
2022-01-05 21:45:58,907 Started server process [7752]
2022-01-05 21:45:58,907 Waiting for application startup.
2022-01-05 21:45:58,910 Application startup complete.
2022-01-05 21:46:40,201 error caught :%d format: a number is required, not str
2022-01-05 21:47:25,510 Connection to database has been established successfully
2022-01-05 21:47:25,584 Started server process [1428]
2022-01-05 21:47:25,586 Waiting for application startup.
2022-01-05 21:47:25,591 Application startup complete.
2022-01-05 21:47:28,017 error caught :%d format: a number is required, not str
2022-01-05 21:49:39,857 Connection to database has been established successfully
2022-01-05 21:49:39,933 Started server process [5052]
2022-01-05 21:49:39,935 Waiting for application startup.
2022-01-05 21:49:39,944 Application startup complete.
2022-01-05 21:49:43,388 error caught :%d format: a number is required, not type
2022-01-05 21:55:21,849 Connection to database has been established successfully
2022-01-05 21:55:21,906 Started server process [8324]
2022-01-05 21:55:21,907 Waiting for application startup.
2022-01-05 21:55:21,914 Application startup complete.
2022-01-05 21:55:55,461 error caught :%d format: a number is required, not type
2022-01-05 21:56:04,484 error caught :%d format: a number is required, not type
2022-01-05 21:56:20,496 error caught :%d format: a number is required, not type
2022-01-05 21:58:20,943 Connection to database has been established successfully
2022-01-05 21:58:20,977 Started server process [584]
2022-01-05 21:58:20,978 Waiting for application startup.
2022-01-05 21:58:20,980 Application startup complete.
2022-01-05 21:58:26,640 error caught :%d format: a number is required, not type
2022-01-05 21:58:38,879 Connection to database has been established successfully
2022-01-05 21:58:38,915 Started server process [1152]
2022-01-05 21:58:38,916 Waiting for application startup.
2022-01-05 21:58:38,918 Application startup complete.
2022-01-05 21:58:43,519 error caught :%d format: a number is required, not type
2022-01-05 21:59:35,321 Connection to database has been established successfully
2022-01-05 21:59:35,361 Started server process [5824]
2022-01-05 21:59:35,362 Waiting for application startup.
2022-01-05 21:59:35,366 Application startup complete.
2022-01-05 21:59:37,648 Successfully added Employee Details into table
2022-01-05 22:00:56,030 Connection to database has been established successfully
2022-01-05 22:00:56,095 Started server process [1464]
2022-01-05 22:00:56,097 Waiting for application startup.
2022-01-05 22:00:56,103 Application startup complete.
2022-01-05 22:01:29,928 Exception in ASGI application
Traceback (most recent call last):
  File "C:\Users\dibye\PycharmProjects\Employee_payroll_backend\venv\lib\site-packages\uvicorn\protocols\http\h11_impl.py", line 373, in run_asgi
    result = await app(self.scope, self.receive, self.send)
  File "C:\Users\dibye\PycharmProjects\Employee_payroll_backend\venv\lib\site-packages\uvicorn\middleware\proxy_headers.py", line 75, in __call__
    return await self.app(scope, receive, send)
  File "C:\Users\dibye\PycharmProjects\Employee_payroll_backend\venv\lib\site-packages\fastapi\applications.py", line 208, in __call__
    await super().__call__(scope, receive, send)
  File "C:\Users\dibye\PycharmProjects\Employee_payroll_backend\venv\lib\site-packages\starlette\applications.py", line 112, in __call__
    await self.middleware_stack(scope, receive, send)
  File "C:\Users\dibye\PycharmProjects\Employee_payroll_backend\venv\lib\site-packages\starlette\middleware\errors.py", line 181, in __call__
    raise exc
  File "C:\Users\dibye\PycharmProjects\Employee_payroll_backend\venv\lib\site-packages\starlette\middleware\errors.py", line 159, in __call__
    await self.app(scope, receive, _send)
  File "C:\Users\dibye\PycharmProjects\Employee_payroll_backend\venv\lib\site-packages\starlette\exceptions.py", line 82, in __call__
    raise exc
  File "C:\Users\dibye\PycharmProjects\Employee_payroll_backend\venv\lib\site-packages\starlette\exceptions.py", line 71, in __call__
    await self.app(scope, receive, sender)
  File "C:\Users\dibye\PycharmProjects\Employee_payroll_backend\venv\lib\site-packages\starlette\routing.py", line 656, in __call__
    await route.handle(scope, receive, send)
  File "C:\Users\dibye\PycharmProjects\Employee_payroll_backend\venv\lib\site-packages\starlette\routing.py", line 259, in handle
    await self.app(scope, receive, send)
  File "C:\Users\dibye\PycharmProjects\Employee_payroll_backend\venv\lib\site-packages\starlette\routing.py", line 61, in app
    response = await func(request)
  File "C:\Users\dibye\PycharmProjects\Employee_payroll_backend\venv\lib\site-packages\fastapi\routing.py", line 226, in app
    raw_response = await run_endpoint_function(
  File "C:\Users\dibye\PycharmProjects\Employee_payroll_backend\venv\lib\site-packages\fastapi\routing.py", line 159, in run_endpoint_function
    return await dependant.call(**values)
  File "C:\Users\dibye\PycharmProjects\Employee_payroll_backend\.\main.py", line 167, in login_employee
    employee_id = token.decode_id(generated_token)
  File "C:\Users\dibye\PycharmProjects\Employee_payroll_backend\.\token_for_id.py", line 15, in decode_id
    payload = jwt.decode(token_id, "secret", algorithms=["HS256"])
  File "C:\Users\dibye\PycharmProjects\Employee_payroll_backend\venv\lib\site-packages\jwt\api_jwt.py", line 119, in decode
    decoded = self.decode_complete(jwt, key, algorithms, options, **kwargs)
  File "C:\Users\dibye\PycharmProjects\Employee_payroll_backend\venv\lib\site-packages\jwt\api_jwt.py", line 90, in decode_complete
    decoded = api_jws.decode_complete(
  File "C:\Users\dibye\PycharmProjects\Employee_payroll_backend\venv\lib\site-packages\jwt\api_jws.py", line 149, in decode_complete
    payload, signing_input, header, signature = self._load(jwt)
  File "C:\Users\dibye\PycharmProjects\Employee_payroll_backend\venv\lib\site-packages\jwt\api_jws.py", line 187, in _load
    raise DecodeError(f"Invalid token type. Token must be a {bytes}")
jwt.exceptions.DecodeError: Invalid token type. Token must be a <class 'bytes'>
2022-01-05 22:02:51,646 Exception in ASGI application
Traceback (most recent call last):
  File "C:\Users\dibye\PycharmProjects\Employee_payroll_backend\venv\lib\site-packages\uvicorn\protocols\http\h11_impl.py", line 373, in run_asgi
    result = await app(self.scope, self.receive, self.send)
  File "C:\Users\dibye\PycharmProjects\Employee_payroll_backend\venv\lib\site-packages\uvicorn\middleware\proxy_headers.py", line 75, in __call__
    return await self.app(scope, receive, send)
  File "C:\Users\dibye\PycharmProjects\Employee_payroll_backend\venv\lib\site-packages\fastapi\applications.py", line 208, in __call__
    await super().__call__(scope, receive, send)
  File "C:\Users\dibye\PycharmProjects\Employee_payroll_backend\venv\lib\site-packages\starlette\applications.py", line 112, in __call__
    await self.middleware_stack(scope, receive, send)
  File "C:\Users\dibye\PycharmProjects\Employee_payroll_backend\venv\lib\site-packages\starlette\middleware\errors.py", line 181, in __call__
    raise exc
  File "C:\Users\dibye\PycharmProjects\Employee_payroll_backend\venv\lib\site-packages\starlette\middleware\errors.py", line 159, in __call__
    await self.app(scope, receive, _send)
  File "C:\Users\dibye\PycharmProjects\Employee_payroll_backend\venv\lib\site-packages\starlette\exceptions.py", line 82, in __call__
    raise exc
  File "C:\Users\dibye\PycharmProjects\Employee_payroll_backend\venv\lib\site-packages\starlette\exceptions.py", line 71, in __call__
    await self.app(scope, receive, sender)
  File "C:\Users\dibye\PycharmProjects\Employee_payroll_backend\venv\lib\site-packages\starlette\routing.py", line 656, in __call__
    await route.handle(scope, receive, send)
  File "C:\Users\dibye\PycharmProjects\Employee_payroll_backend\venv\lib\site-packages\starlette\routing.py", line 259, in handle
    await self.app(scope, receive, send)
  File "C:\Users\dibye\PycharmProjects\Employee_payroll_backend\venv\lib\site-packages\starlette\routing.py", line 61, in app
    response = await func(request)
  File "C:\Users\dibye\PycharmProjects\Employee_payroll_backend\venv\lib\site-packages\fastapi\routing.py", line 226, in app
    raw_response = await run_endpoint_function(
  File "C:\Users\dibye\PycharmProjects\Employee_payroll_backend\venv\lib\site-packages\fastapi\routing.py", line 159, in run_endpoint_function
    return await dependant.call(**values)
  File "C:\Users\dibye\PycharmProjects\Employee_payroll_backend\.\main.py", line 167, in login_employee
    employee_id = token.decode_id(generated_token)
  File "C:\Users\dibye\PycharmProjects\Employee_payroll_backend\.\token_for_id.py", line 15, in decode_id
    payload = jwt.decode(token_id, "secret", algorithms=["HS256"])
  File "C:\Users\dibye\PycharmProjects\Employee_payroll_backend\venv\lib\site-packages\jwt\api_jwt.py", line 119, in decode
    decoded = self.decode_complete(jwt, key, algorithms, options, **kwargs)
  File "C:\Users\dibye\PycharmProjects\Employee_payroll_backend\venv\lib\site-packages\jwt\api_jwt.py", line 90, in decode_complete
    decoded = api_jws.decode_complete(
  File "C:\Users\dibye\PycharmProjects\Employee_payroll_backend\venv\lib\site-packages\jwt\api_jws.py", line 149, in decode_complete
    payload, signing_input, header, signature = self._load(jwt)
  File "C:\Users\dibye\PycharmProjects\Employee_payroll_backend\venv\lib\site-packages\jwt\api_jws.py", line 187, in _load
    raise DecodeError(f"Invalid token type. Token must be a {bytes}")
jwt.exceptions.DecodeError: Invalid token type. Token must be a <class 'bytes'>
2022-01-05 22:05:16,148 Connection to database has been established successfully
2022-01-05 22:05:16,182 Started server process [3912]
2022-01-05 22:05:16,183 Waiting for application startup.
2022-01-05 22:05:16,187 Application startup complete.
2022-01-05 22:06:25,032 Connection to database has been established successfully
2022-01-05 22:06:25,105 Started server process [1868]
2022-01-05 22:06:25,107 Waiting for application startup.
2022-01-05 22:06:25,112 Application startup complete.
2022-01-05 22:06:25,882 Exception in ASGI application
Traceback (most recent call last):
  File "C:\Users\dibye\PycharmProjects\Employee_payroll_backend\venv\lib\site-packages\uvicorn\protocols\http\h11_impl.py", line 373, in run_asgi
    result = await app(self.scope, self.receive, self.send)
  File "C:\Users\dibye\PycharmProjects\Employee_payroll_backend\venv\lib\site-packages\uvicorn\middleware\proxy_headers.py", line 75, in __call__
    return await self.app(scope, receive, send)
  File "C:\Users\dibye\PycharmProjects\Employee_payroll_backend\venv\lib\site-packages\fastapi\applications.py", line 208, in __call__
    await super().__call__(scope, receive, send)
  File "C:\Users\dibye\PycharmProjects\Employee_payroll_backend\venv\lib\site-packages\starlette\applications.py", line 112, in __call__
    await self.middleware_stack(scope, receive, send)
  File "C:\Users\dibye\PycharmProjects\Employee_payroll_backend\venv\lib\site-packages\starlette\middleware\errors.py", line 181, in __call__
    raise exc
  File "C:\Users\dibye\PycharmProjects\Employee_payroll_backend\venv\lib\site-packages\starlette\middleware\errors.py", line 159, in __call__
    await self.app(scope, receive, _send)
  File "C:\Users\dibye\PycharmProjects\Employee_payroll_backend\venv\lib\site-packages\starlette\exceptions.py", line 82, in __call__
    raise exc
  File "C:\Users\dibye\PycharmProjects\Employee_payroll_backend\venv\lib\site-packages\starlette\exceptions.py", line 71, in __call__
    await self.app(scope, receive, sender)
  File "C:\Users\dibye\PycharmProjects\Employee_payroll_backend\venv\lib\site-packages\starlette\routing.py", line 656, in __call__
    await route.handle(scope, receive, send)
  File "C:\Users\dibye\PycharmProjects\Employee_payroll_backend\venv\lib\site-packages\starlette\routing.py", line 259, in handle
    await self.app(scope, receive, send)
  File "C:\Users\dibye\PycharmProjects\Employee_payroll_backend\venv\lib\site-packages\starlette\routing.py", line 61, in app
    response = await func(request)
  File "C:\Users\dibye\PycharmProjects\Employee_payroll_backend\venv\lib\site-packages\fastapi\routing.py", line 226, in app
    raw_response = await run_endpoint_function(
  File "C:\Users\dibye\PycharmProjects\Employee_payroll_backend\venv\lib\site-packages\fastapi\routing.py", line 159, in run_endpoint_function
    return await dependant.call(**values)
  File "C:\Users\dibye\PycharmProjects\Employee_payroll_backend\.\main.py", line 167, in login_employee
    employee_id = function.decode_id(token)
AttributeError: 'Functionality' object has no attribute 'decode_id'
2022-01-05 22:06:40,134 Shutting down
2022-01-05 22:06:40,241 Waiting for application shutdown.
2022-01-05 22:06:40,241 Application shutdown complete.
2022-01-05 22:06:40,242 Finished server process [1868]
2022-01-05 22:08:15,882 Connection to database has been established successfully
2022-01-05 22:08:15,915 Started server process [3892]
2022-01-05 22:08:15,916 Waiting for application startup.
2022-01-05 22:08:15,919 Application startup complete.
2022-01-05 22:08:19,704 Exception in ASGI application
Traceback (most recent call last):
  File "C:\Users\dibye\PycharmProjects\Employee_payroll_backend\venv\lib\site-packages\uvicorn\protocols\http\h11_impl.py", line 373, in run_asgi
    result = await app(self.scope, self.receive, self.send)
  File "C:\Users\dibye\PycharmProjects\Employee_payroll_backend\venv\lib\site-packages\uvicorn\middleware\proxy_headers.py", line 75, in __call__
    return await self.app(scope, receive, send)
  File "C:\Users\dibye\PycharmProjects\Employee_payroll_backend\venv\lib\site-packages\fastapi\applications.py", line 208, in __call__
    await super().__call__(scope, receive, send)
  File "C:\Users\dibye\PycharmProjects\Employee_payroll_backend\venv\lib\site-packages\starlette\applications.py", line 112, in __call__
    await self.middleware_stack(scope, receive, send)
  File "C:\Users\dibye\PycharmProjects\Employee_payroll_backend\venv\lib\site-packages\starlette\middleware\errors.py", line 181, in __call__
    raise exc
  File "C:\Users\dibye\PycharmProjects\Employee_payroll_backend\venv\lib\site-packages\starlette\middleware\errors.py", line 159, in __call__
    await self.app(scope, receive, _send)
  File "C:\Users\dibye\PycharmProjects\Employee_payroll_backend\venv\lib\site-packages\starlette\exceptions.py", line 82, in __call__
    raise exc
  File "C:\Users\dibye\PycharmProjects\Employee_payroll_backend\venv\lib\site-packages\starlette\exceptions.py", line 71, in __call__
    await self.app(scope, receive, sender)
  File "C:\Users\dibye\PycharmProjects\Employee_payroll_backend\venv\lib\site-packages\starlette\routing.py", line 656, in __call__
    await route.handle(scope, receive, send)
  File "C:\Users\dibye\PycharmProjects\Employee_payroll_backend\venv\lib\site-packages\starlette\routing.py", line 259, in handle
    await self.app(scope, receive, send)
  File "C:\Users\dibye\PycharmProjects\Employee_payroll_backend\venv\lib\site-packages\starlette\routing.py", line 61, in app
    response = await func(request)
  File "C:\Users\dibye\PycharmProjects\Employee_payroll_backend\venv\lib\site-packages\fastapi\routing.py", line 226, in app
    raw_response = await run_endpoint_function(
  File "C:\Users\dibye\PycharmProjects\Employee_payroll_backend\venv\lib\site-packages\fastapi\routing.py", line 159, in run_endpoint_function
    return await dependant.call(**values)
  File "C:\Users\dibye\PycharmProjects\Employee_payroll_backend\.\main.py", line 167, in login_employee
    employee_id = token_for_id.decode_id(token)
  File "C:\Users\dibye\PycharmProjects\Employee_payroll_backend\.\token_for_id.py", line 15, in decode_id
    payload = jwt.decode(token_id, "secret", algorithms=["HS256"])
  File "C:\Users\dibye\PycharmProjects\Employee_payroll_backend\venv\lib\site-packages\jwt\api_jwt.py", line 119, in decode
    decoded = self.decode_complete(jwt, key, algorithms, options, **kwargs)
  File "C:\Users\dibye\PycharmProjects\Employee_payroll_backend\venv\lib\site-packages\jwt\api_jwt.py", line 90, in decode_complete
    decoded = api_jws.decode_complete(
  File "C:\Users\dibye\PycharmProjects\Employee_payroll_backend\venv\lib\site-packages\jwt\api_jws.py", line 149, in decode_complete
    payload, signing_input, header, signature = self._load(jwt)
  File "C:\Users\dibye\PycharmProjects\Employee_payroll_backend\venv\lib\site-packages\jwt\api_jws.py", line 187, in _load
    raise DecodeError(f"Invalid token type. Token must be a {bytes}")
jwt.exceptions.DecodeError: Invalid token type. Token must be a <class 'bytes'>
2022-01-05 22:08:46,458 Exception in ASGI application
Traceback (most recent call last):
  File "C:\Users\dibye\PycharmProjects\Employee_payroll_backend\venv\lib\site-packages\uvicorn\protocols\http\h11_impl.py", line 373, in run_asgi
    result = await app(self.scope, self.receive, self.send)
  File "C:\Users\dibye\PycharmProjects\Employee_payroll_backend\venv\lib\site-packages\uvicorn\middleware\proxy_headers.py", line 75, in __call__
    return await self.app(scope, receive, send)
  File "C:\Users\dibye\PycharmProjects\Employee_payroll_backend\venv\lib\site-packages\fastapi\applications.py", line 208, in __call__
    await super().__call__(scope, receive, send)
  File "C:\Users\dibye\PycharmProjects\Employee_payroll_backend\venv\lib\site-packages\starlette\applications.py", line 112, in __call__
    await self.middleware_stack(scope, receive, send)
  File "C:\Users\dibye\PycharmProjects\Employee_payroll_backend\venv\lib\site-packages\starlette\middleware\errors.py", line 181, in __call__
    raise exc
  File "C:\Users\dibye\PycharmProjects\Employee_payroll_backend\venv\lib\site-packages\starlette\middleware\errors.py", line 159, in __call__
    await self.app(scope, receive, _send)
  File "C:\Users\dibye\PycharmProjects\Employee_payroll_backend\venv\lib\site-packages\starlette\exceptions.py", line 82, in __call__
    raise exc
  File "C:\Users\dibye\PycharmProjects\Employee_payroll_backend\venv\lib\site-packages\starlette\exceptions.py", line 71, in __call__
    await self.app(scope, receive, sender)
  File "C:\Users\dibye\PycharmProjects\Employee_payroll_backend\venv\lib\site-packages\starlette\routing.py", line 656, in __call__
    await route.handle(scope, receive, send)
  File "C:\Users\dibye\PycharmProjects\Employee_payroll_backend\venv\lib\site-packages\starlette\routing.py", line 259, in handle
    await self.app(scope, receive, send)
  File "C:\Users\dibye\PycharmProjects\Employee_payroll_backend\venv\lib\site-packages\starlette\routing.py", line 61, in app
    response = await func(request)
  File "C:\Users\dibye\PycharmProjects\Employee_payroll_backend\venv\lib\site-packages\fastapi\routing.py", line 226, in app
    raw_response = await run_endpoint_function(
  File "C:\Users\dibye\PycharmProjects\Employee_payroll_backend\venv\lib\site-packages\fastapi\routing.py", line 159, in run_endpoint_function
    return await dependant.call(**values)
  File "C:\Users\dibye\PycharmProjects\Employee_payroll_backend\.\main.py", line 167, in login_employee
    employee_id = token_for_id.decode_id(token)
  File "C:\Users\dibye\PycharmProjects\Employee_payroll_backend\.\token_for_id.py", line 15, in decode_id
    payload = jwt.decode(token_id, "secret", algorithms=["HS256"])
  File "C:\Users\dibye\PycharmProjects\Employee_payroll_backend\venv\lib\site-packages\jwt\api_jwt.py", line 119, in decode
    decoded = self.decode_complete(jwt, key, algorithms, options, **kwargs)
  File "C:\Users\dibye\PycharmProjects\Employee_payroll_backend\venv\lib\site-packages\jwt\api_jwt.py", line 90, in decode_complete
    decoded = api_jws.decode_complete(
  File "C:\Users\dibye\PycharmProjects\Employee_payroll_backend\venv\lib\site-packages\jwt\api_jws.py", line 149, in decode_complete
    payload, signing_input, header, signature = self._load(jwt)
  File "C:\Users\dibye\PycharmProjects\Employee_payroll_backend\venv\lib\site-packages\jwt\api_jws.py", line 187, in _load
    raise DecodeError(f"Invalid token type. Token must be a {bytes}")
jwt.exceptions.DecodeError: Invalid token type. Token must be a <class 'bytes'>
2022-01-05 22:08:53,049 Shutting down
2022-01-05 22:09:03,526 Connection to database has been established successfully
2022-01-05 22:09:03,559 Started server process [4228]
2022-01-05 22:09:03,560 Waiting for application startup.
2022-01-05 22:09:03,563 Application startup complete.
2022-01-05 22:09:08,753 Exception in ASGI application
Traceback (most recent call last):
  File "C:\Users\dibye\PycharmProjects\Employee_payroll_backend\venv\lib\site-packages\uvicorn\protocols\http\h11_impl.py", line 373, in run_asgi
    result = await app(self.scope, self.receive, self.send)
  File "C:\Users\dibye\PycharmProjects\Employee_payroll_backend\venv\lib\site-packages\uvicorn\middleware\proxy_headers.py", line 75, in __call__
    return await self.app(scope, receive, send)
  File "C:\Users\dibye\PycharmProjects\Employee_payroll_backend\venv\lib\site-packages\fastapi\applications.py", line 208, in __call__
    await super().__call__(scope, receive, send)
  File "C:\Users\dibye\PycharmProjects\Employee_payroll_backend\venv\lib\site-packages\starlette\applications.py", line 112, in __call__
    await self.middleware_stack(scope, receive, send)
  File "C:\Users\dibye\PycharmProjects\Employee_payroll_backend\venv\lib\site-packages\starlette\middleware\errors.py", line 181, in __call__
    raise exc
  File "C:\Users\dibye\PycharmProjects\Employee_payroll_backend\venv\lib\site-packages\starlette\middleware\errors.py", line 159, in __call__
    await self.app(scope, receive, _send)
  File "C:\Users\dibye\PycharmProjects\Employee_payroll_backend\venv\lib\site-packages\starlette\exceptions.py", line 82, in __call__
    raise exc
  File "C:\Users\dibye\PycharmProjects\Employee_payroll_backend\venv\lib\site-packages\starlette\exceptions.py", line 71, in __call__
    await self.app(scope, receive, sender)
  File "C:\Users\dibye\PycharmProjects\Employee_payroll_backend\venv\lib\site-packages\starlette\routing.py", line 656, in __call__
    await route.handle(scope, receive, send)
  File "C:\Users\dibye\PycharmProjects\Employee_payroll_backend\venv\lib\site-packages\starlette\routing.py", line 259, in handle
    await self.app(scope, receive, send)
  File "C:\Users\dibye\PycharmProjects\Employee_payroll_backend\venv\lib\site-packages\starlette\routing.py", line 61, in app
    response = await func(request)
  File "C:\Users\dibye\PycharmProjects\Employee_payroll_backend\venv\lib\site-packages\fastapi\routing.py", line 226, in app
    raw_response = await run_endpoint_function(
  File "C:\Users\dibye\PycharmProjects\Employee_payroll_backend\venv\lib\site-packages\fastapi\routing.py", line 159, in run_endpoint_function
    return await dependant.call(**values)
  File "C:\Users\dibye\PycharmProjects\Employee_payroll_backend\.\main.py", line 167, in login_employee
    employee_id = token_for_id.decode_id(token)
  File "C:\Users\dibye\PycharmProjects\Employee_payroll_backend\.\token_for_id.py", line 15, in decode_id
    payload = jwt.decode(token_id, "secret", algorithms=["HS256"])
  File "C:\Users\dibye\PycharmProjects\Employee_payroll_backend\venv\lib\site-packages\jwt\api_jwt.py", line 119, in decode
    decoded = self.decode_complete(jwt, key, algorithms, options, **kwargs)
  File "C:\Users\dibye\PycharmProjects\Employee_payroll_backend\venv\lib\site-packages\jwt\api_jwt.py", line 90, in decode_complete
    decoded = api_jws.decode_complete(
  File "C:\Users\dibye\PycharmProjects\Employee_payroll_backend\venv\lib\site-packages\jwt\api_jws.py", line 149, in decode_complete
    payload, signing_input, header, signature = self._load(jwt)
  File "C:\Users\dibye\PycharmProjects\Employee_payroll_backend\venv\lib\site-packages\jwt\api_jws.py", line 187, in _load
    raise DecodeError(f"Invalid token type. Token must be a {bytes}")
jwt.exceptions.DecodeError: Invalid token type. Token must be a <class 'bytes'>
2022-01-05 22:10:25,480 Exception in ASGI application
Traceback (most recent call last):
  File "C:\Users\dibye\PycharmProjects\Employee_payroll_backend\venv\lib\site-packages\uvicorn\protocols\http\h11_impl.py", line 373, in run_asgi
    result = await app(self.scope, self.receive, self.send)
  File "C:\Users\dibye\PycharmProjects\Employee_payroll_backend\venv\lib\site-packages\uvicorn\middleware\proxy_headers.py", line 75, in __call__
    return await self.app(scope, receive, send)
  File "C:\Users\dibye\PycharmProjects\Employee_payroll_backend\venv\lib\site-packages\fastapi\applications.py", line 208, in __call__
    await super().__call__(scope, receive, send)
  File "C:\Users\dibye\PycharmProjects\Employee_payroll_backend\venv\lib\site-packages\starlette\applications.py", line 112, in __call__
    await self.middleware_stack(scope, receive, send)
  File "C:\Users\dibye\PycharmProjects\Employee_payroll_backend\venv\lib\site-packages\starlette\middleware\errors.py", line 181, in __call__
    raise exc
  File "C:\Users\dibye\PycharmProjects\Employee_payroll_backend\venv\lib\site-packages\starlette\middleware\errors.py", line 159, in __call__
    await self.app(scope, receive, _send)
  File "C:\Users\dibye\PycharmProjects\Employee_payroll_backend\venv\lib\site-packages\starlette\exceptions.py", line 82, in __call__
    raise exc
  File "C:\Users\dibye\PycharmProjects\Employee_payroll_backend\venv\lib\site-packages\starlette\exceptions.py", line 71, in __call__
    await self.app(scope, receive, sender)
  File "C:\Users\dibye\PycharmProjects\Employee_payroll_backend\venv\lib\site-packages\starlette\routing.py", line 656, in __call__
    await route.handle(scope, receive, send)
  File "C:\Users\dibye\PycharmProjects\Employee_payroll_backend\venv\lib\site-packages\starlette\routing.py", line 259, in handle
    await self.app(scope, receive, send)
  File "C:\Users\dibye\PycharmProjects\Employee_payroll_backend\venv\lib\site-packages\starlette\routing.py", line 61, in app
    response = await func(request)
  File "C:\Users\dibye\PycharmProjects\Employee_payroll_backend\venv\lib\site-packages\fastapi\routing.py", line 226, in app
    raw_response = await run_endpoint_function(
  File "C:\Users\dibye\PycharmProjects\Employee_payroll_backend\venv\lib\site-packages\fastapi\routing.py", line 159, in run_endpoint_function
    return await dependant.call(**values)
  File "C:\Users\dibye\PycharmProjects\Employee_payroll_backend\.\main.py", line 167, in login_employee
    employee_id = token_for_id.decode_id(token)
  File "C:\Users\dibye\PycharmProjects\Employee_payroll_backend\.\token_for_id.py", line 15, in decode_id
    payload = jwt.decode(token_id, "secret", algorithms=["HS256"])
  File "C:\Users\dibye\PycharmProjects\Employee_payroll_backend\venv\lib\site-packages\jwt\api_jwt.py", line 119, in decode
    decoded = self.decode_complete(jwt, key, algorithms, options, **kwargs)
  File "C:\Users\dibye\PycharmProjects\Employee_payroll_backend\venv\lib\site-packages\jwt\api_jwt.py", line 90, in decode_complete
    decoded = api_jws.decode_complete(
  File "C:\Users\dibye\PycharmProjects\Employee_payroll_backend\venv\lib\site-packages\jwt\api_jws.py", line 152, in decode_complete
    self._verify_signature(signing_input, header, signature, key, algorithms)
  File "C:\Users\dibye\PycharmProjects\Employee_payroll_backend\venv\lib\site-packages\jwt\api_jws.py", line 239, in _verify_signature
    raise InvalidSignatureError("Signature verification failed")
jwt.exceptions.InvalidSignatureError: Signature verification failed
2022-01-05 22:10:54,387 Connection to database has been established successfully
2022-01-05 22:10:54,474 Started server process [8828]
2022-01-05 22:10:54,475 Waiting for application startup.
2022-01-05 22:10:54,485 Application startup complete.
2022-01-05 22:20:53,162 Connection to database has been established successfully
2022-01-05 22:20:53,207 Started server process [13160]
2022-01-05 22:20:53,209 Waiting for application startup.
2022-01-05 22:20:53,212 Application startup complete.
2022-01-05 22:21:08,439 Successfully added Employee Details into table
2022-01-05 22:42:14,948 Connection to database has been established successfully
2022-01-05 22:42:14,990 Started server process [5364]
2022-01-05 22:42:14,990 Waiting for application startup.
2022-01-05 22:42:14,991 Application startup complete.
2022-01-06 08:03:01,689 Connection to database has been established successfully
2022-01-06 08:03:01,716 Started server process [1500]
2022-01-06 08:03:01,717 Waiting for application startup.
2022-01-06 08:03:01,718 Application startup complete.
2022-01-06 08:03:05,435 Shutting down
2022-01-06 08:03:05,545 Waiting for application shutdown.
2022-01-06 08:03:05,545 Application shutdown complete.
2022-01-06 08:03:05,547 Finished server process [1500]
2022-01-06 08:03:24,876 Connection to database has been established successfully
2022-01-06 08:03:24,889 Started server process [16892]
2022-01-06 08:03:24,889 Waiting for application startup.
2022-01-06 08:03:24,892 Application startup complete.
2022-01-06 08:04:45,065 Connection to database has been established successfully
2022-01-06 08:04:45,087 Started server process [15764]
2022-01-06 08:04:45,087 Waiting for application startup.
2022-01-06 08:04:45,088 Application startup complete.
2022-01-06 08:08:46,467 Connection to database has been established successfully
2022-01-06 08:08:46,483 Started server process [11636]
2022-01-06 08:08:46,483 Waiting for application startup.
2022-01-06 08:08:46,484 Application startup complete.
2022-01-06 08:10:22,391 Connection to database has been established successfully
2022-01-06 08:10:22,412 Started server process [18020]
2022-01-06 08:10:22,412 Waiting for application startup.
2022-01-06 08:10:22,413 Application startup complete.
2022-01-06 08:11:39,114 Connection to database has been established successfully
2022-01-06 08:11:39,134 Started server process [18792]
2022-01-06 08:11:39,135 Waiting for application startup.
2022-01-06 08:11:39,135 Application startup complete.
2022-01-06 08:13:21,008 Connection to database has been established successfully
2022-01-06 08:13:21,027 Started server process [16144]
2022-01-06 08:13:21,028 Waiting for application startup.
2022-01-06 08:13:21,028 Application startup complete.
2022-01-06 08:13:43,256 Successfully retrieved  Employee Details table
2022-01-06 08:15:14,324 Connection to database has been established successfully
2022-01-06 08:15:14,342 Started server process [17860]
2022-01-06 08:15:14,342 Waiting for application startup.
2022-01-06 08:15:14,343 Application startup complete.
2022-01-06 08:16:53,428 Connection to database has been established successfully
2022-01-06 08:16:53,453 Started server process [1272]
2022-01-06 08:16:53,453 Waiting for application startup.
2022-01-06 08:16:53,454 Application startup complete.
2022-01-06 08:19:05,971 Connection to database has been established successfully
2022-01-06 08:19:05,993 Started server process [11360]
2022-01-06 08:19:05,994 Waiting for application startup.
2022-01-06 08:19:05,994 Application startup complete.
2022-01-06 08:19:39,581 Connection to database has been established successfully
2022-01-06 08:19:39,604 Started server process [18256]
2022-01-06 08:19:39,604 Waiting for application startup.
2022-01-06 08:19:39,605 Application startup complete.
2022-01-06 08:21:36,405 Connection to database has been established successfully
2022-01-06 08:21:36,421 Started server process [8152]
2022-01-06 08:21:36,421 Waiting for application startup.
2022-01-06 08:21:36,422 Application startup complete.
2022-01-06 08:22:20,057 Connection to database has been established successfully
2022-01-06 08:22:20,074 Started server process [14996]
2022-01-06 08:22:20,075 Waiting for application startup.
2022-01-06 08:22:20,075 Application startup complete.
2022-01-06 08:35:29,675 Successfully added Employee Details into table
